Removed Pin From Net: NetName=AGND Pin=U10-1
Removed Pin From Net: NetName=BT_HCI_TX Pin=U10-2
Removed Pin From Net: NetName=HCI_TX Pin=U10-3
Removed Pin From Net: NetName=AGND Pin=U10-4
Removed Pin From Net: NetName=BT_HCI_RTS Pin=U10-5
Removed Pin From Net: NetName=HCI_RTS Pin=U10-6
Removed Pin From Net: NetName=AGND Pin=U10-7
Removed Pin From Net: NetName=AGND Pin=U10-9
Removed Pin From Net: NetName=VDD_MCU Pin=U10-10
Removed Pin From Net: NetName=AGND Pin=U10-12
Removed Pin From Net: NetName=VDD_MCU Pin=U10-13
Removed Pin From Net: NetName=VDD_MCU Pin=U10-14
Removed Pin From Net: NetName=AGND Pin=U11-1
Removed Pin From Net: NetName=HCI_RX Pin=U11-2
Removed Pin From Net: NetName=BT_HCI_RX Pin=U11-3
Removed Pin From Net: NetName=AGND Pin=U11-4
Removed Pin From Net: NetName=HCI_CTS Pin=U11-5
Removed Pin From Net: NetName=BT_HCI_CTS Pin=U11-6
Removed Pin From Net: NetName=AGND Pin=U11-7
Removed Pin From Net: NetName=BT_NSHUTD Pin=U11-8
Removed Pin From Net: NetName=NSHUTD Pin=U11-9
Removed Pin From Net: NetName=AGND Pin=U11-10
Removed Pin From Net: NetName=BT_SLOW_CLK Pin=U11-11
Removed Pin From Net: NetName=SLOW_CLK Pin=U11-12
Removed Pin From Net: NetName=AGND Pin=U11-13
Removed Pin From Net: NetName=VDD_RF_IO Pin=U11-14
Removed Member From Class: ClassName=U_RF Member=U10
Removed Member From Class: ClassName=U_RF Member=U11
