Added Component: Designator=U10(SN74LV4T125)
Added Component: Designator=U11(SN74LV4T125)
Added Pin To Net: NetName=AGND Pin=U10-1
Added Pin To Net: NetName=BT_HCI_TX Pin=U10-2
Added Pin To Net: NetName=HCI_TX Pin=U10-3
Added Pin To Net: NetName=AGND Pin=U10-4
Added Pin To Net: NetName=BT_HCI_RTS Pin=U10-5
Added Pin To Net: NetName=HCI_RTS Pin=U10-6
Added Pin To Net: NetName=AGND Pin=U10-7
Added Pin To Net: NetName=AGND Pin=U10-9
Added Pin To Net: NetName=VDD_MCU Pin=U10-10
Added Pin To Net: NetName=AGND Pin=U10-12
Added Pin To Net: NetName=VDD_MCU Pin=U10-13
Added Pin To Net: NetName=VDD_MCU Pin=U10-14
Added Pin To Net: NetName=AGND Pin=U11-1
Added Pin To Net: NetName=HCI_RX Pin=U11-2
Added Pin To Net: NetName=BT_HCI_RX Pin=U11-3
Added Pin To Net: NetName=AGND Pin=U11-4
Added Pin To Net: NetName=HCI_CTS Pin=U11-5
Added Pin To Net: NetName=BT_HCI_CTS Pin=U11-6
Added Pin To Net: NetName=AGND Pin=U11-7
Added Pin To Net: NetName=BT_NSHUTD Pin=U11-8
Added Pin To Net: NetName=NSHUTD Pin=U11-9
Added Pin To Net: NetName=AGND Pin=U11-10
Added Pin To Net: NetName=BT_SLOW_CLK Pin=U11-11
Added Pin To Net: NetName=SLOW_CLK Pin=U11-12
Added Pin To Net: NetName=AGND Pin=U11-13
Added Pin To Net: NetName=VDD_RF_IO Pin=U11-14
Added Member To Class: ClassName=U_RF Member=Component U10 SN74LV4T125
Added Member To Class: ClassName=U_RF Member=Component U11 SN74LV4T125
