Change Component Designator: OldDesignator=R31 NewDesignator=R36
Change Component Designator: OldDesignator=R32 NewDesignator=R37
Change Component Designator: OldDesignator=R33 NewDesignator=R38
Change Component Designator: OldDesignator=R34 NewDesignator=R39
Change Component Designator: OldDesignator=R35 NewDesignator=R40
Change Component Designator: OldDesignator=R36 NewDesignator=R41
Change Component Designator: OldDesignator=R37 NewDesignator=R42
Change Component Designator: OldDesignator=R38 NewDesignator=R43
Change Component Designator: OldDesignator=R39 NewDesignator=R44
Change Component Designator: OldDesignator=R40 NewDesignator=R45
Change Component Designator: OldDesignator=R41 NewDesignator=R46
Change Component Designator: OldDesignator=R42 NewDesignator=R47
Change Component Designator: OldDesignator=R43 NewDesignator=R48
Change Component Designator: OldDesignator=R44 NewDesignator=R49
Change Component Designator: OldDesignator=R45 NewDesignator=R50
Change Component Designator: OldDesignator=R46 NewDesignator=R51
Added Component: Designator=R31(R0603)
Added Component: Designator=R32(R0603)
Added Component: Designator=R33(R0603)
Added Component: Designator=R34(R0603)
Added Component: Designator=R35(R0603)
Added Pin To Net: NetName=VDD_SCREEN_EN Pin=R31-1
Added Pin To Net: NetName=GND Pin=R31-2
Added Pin To Net: NetName=VDD_RF_PW_EN Pin=R32-1
Added Pin To Net: NetName=GND Pin=R32-2
Added Pin To Net: NetName=VDD_RF_IO_EN Pin=R33-1
Added Pin To Net: NetName=GND Pin=R33-2
Added Pin To Net: NetName=VDD_AFE_D_EN Pin=R34-1
Added Pin To Net: NetName=GND Pin=R34-2
Added Pin To Net: NetName=VDD_AFE_A_EN Pin=R35-1
Added Pin To Net: NetName=GND Pin=R35-2
Change Net Name : Old Net Name=NetR32_1 New Net Name=NetR37_1
Change Net Name : Old Net Name=NetR39_2 New Net Name=NetR44_2
Added Member To Class: ClassName=U_Voltage Regulation Member=Component R31 1M
Added Member To Class: ClassName=U_Voltage Regulation Member=Component R32 1M
Added Member To Class: ClassName=U_Voltage Regulation Member=Component R33 1M
Added Member To Class: ClassName=U_Voltage Regulation Member=Component R34 1M
Added Member To Class: ClassName=U_Voltage Regulation Member=Component R35 1M
