Removed Pin From Net: NetName=CHRG_JACK Pin=J3-1
Removed Pin From Net: NetName=CHRG_JACK Pin=J3-1
Removed Pin From Net: NetName=GND Pin=J3-2
Removed Pin From Net: NetName=CHRG_JACK_DET_PIN Pin=J3-3
Removed Member From Class: ClassName=U_Battery Member=J3
Removed Member From Class: ClassName=U_Voltage Regulation Member=R37
Removed Member From Class: ClassName=U_Voltage Regulation Member=R38
Removed Member From Class: ClassName=U_Voltage Regulation Member=R41
Removed Member From Class: ClassName=U_User Interface Member=R47
Removed Member From Class: ClassName=U_User Interface Member=R48
Removed Member From Class: ClassName=U_User Interface Member=R49
Removed Member From Class: ClassName=U_Voltage Regulation Member=R49
Removed Member From Class: ClassName=U_User Interface Member=R50
Removed Member From Class: ClassName=U_Voltage Regulation Member=R50
Added Member To Class: ClassName=U_Voltage Regulation Member=Component R31 1M
Added Member To Class: ClassName=U_Voltage Regulation Member=Component R32 1M
Added Member To Class: ClassName=U_Voltage Regulation Member=Component R33 1M
Added Member To Class: ClassName=U_Voltage Regulation Member=Component R34 1M
Added Member To Class: ClassName=U_Voltage Regulation Member=Component R35 1M
Added Member To Class: ClassName=U_User Interface Member=Component R39 680
Added Member To Class: ClassName=U_User Interface Member=Component R40 100
Added Member To Class: ClassName=U_User Interface Member=Component R42 100
Added Member To Class: ClassName=U_User Interface Member=Component R43 220
