Removed Pin From Net: NetName=REST Pin=con4-4
Removed Pin From Net: NetName=F_CS Pin=con4-5
Removed Pin From Net: NetName=CS Pin=con4-6
Removed Pin From Net: NetName=RD Pin=con4-15
Removed Pin From Net: NetName=WR Pin=con4-16
Removed Pin From Net: NetName=RS Pin=con4-17
Removed Pin From Net: NetName=DVDD Pin=con4-19
Removed Pin From Net: NetName=AGND Pin=con4-20
Removed Pin From Net: NetName=DISP_CLK Pin=con4-29
Removed Pin From Net: NetName=DISP_CS Pin=con4-30
Removed Pin From Net: NetName=DISP_DIN Pin=con4-31
Removed Pin From Net: NetName=DISP_DOUT Pin=con4-33
Removed Pin From Net: NetName=AFE_DRDY Pin=con4-34
Removed Pin From Net: NetName=NetC33_2 Pin=IC3-A4
Removed Pin From Net: NetName=NetC32_2 Pin=IC3-B4
Removed Pin From Net: NetName=NetC33_2 Pin=X4-1
Removed Pin From Net: NetName=NetC32_2 Pin=X4-3
Removed Member From Class: ClassName=U_MCU Member=con4
Change Component Comment : Designator=con5 Old Comment=10pin_conector New Comment=BSL
Change Component Comment : Designator=con3 Old Comment=14pin_conector New Comment=JTAG
Change Component Designator: OldDesignator=CON1 NewDesignator=J2
Change Component Designator: OldDesignator=CON2 NewDesignator=J3
Change Component Designator: OldDesignator=con3 NewDesignator=J4
Change Component Designator: OldDesignator=con5 NewDesignator=J5
Added Pin To Net: NetName=REST Pin=DISP-4
Added Pin To Net: NetName=F_CS Pin=DISP-5
Added Pin To Net: NetName=CS Pin=DISP-6
Added Pin To Net: NetName=RD Pin=DISP-15
Added Pin To Net: NetName=WR Pin=DISP-16
Added Pin To Net: NetName=RS Pin=DISP-17
Added Pin To Net: NetName=DVDD Pin=DISP-19
Added Pin To Net: NetName=AGND Pin=DISP-20
Added Pin To Net: NetName=DISP_CLK Pin=DISP-29
Added Pin To Net: NetName=DISP_CS Pin=DISP-30
Added Pin To Net: NetName=DISP_DIN Pin=DISP-31
Added Pin To Net: NetName=DISP_DOUT Pin=DISP-33
Added Pin To Net: NetName=AFE_DRDY Pin=IC1-22
Added Pin To Net: NetName=NetC32_2 Pin=IC3-A4
Added Pin To Net: NetName=NetC33_2 Pin=IC3-B4
Added Pin To Net: NetName=NetC32_2 Pin=X4-1
Added Pin To Net: NetName=NetC33_2 Pin=X4-3
Change Net Name : Old Net Name=CS New Net Name=DISP_H_CS
Change Net Name : Old Net Name=F_CS New Net Name=DISP_F_CS
Change Net Name : Old Net Name=NetC19_1 New Net Name=LFXIN
Change Net Name : Old Net Name=NetC20_1 New Net Name=LFXOUT
Change Net Name : Old Net Name=RD New Net Name=DISP_RD
Change Net Name : Old Net Name=REST New Net Name=DISP_REST
Change Net Name : Old Net Name=RS New Net Name=DISP_RS
Change Net Name : Old Net Name=WR New Net Name=DISP_WR
Added Pin To Net: NetName=DISP_DRDY Pin=DISP-34
Added Pin To Net: NetName=DISP_DRDY Pin=IC2-41
Added Net: Name=DISP_DRDY
