Change Component Comment: Designator=D2 Old Comment=CHG New Comment=LED
Change Component Comment: Designator=D1 Old Comment=ON New Comment=LED
Change Component Designator: OldDesignator=C1 NewDesignator=C2
Change Component Designator: OldDesignator=C2 NewDesignator=C3
Change Component Designator: OldDesignator=C3 NewDesignator=C1
Change Component Designator: OldDesignator=C6 NewDesignator=C8
Change Component Designator: OldDesignator=C7 NewDesignator=C9
Change Component Designator: OldDesignator=C8 NewDesignator=C6
Change Component Designator: OldDesignator=C9 NewDesignator=C7
Change Component Designator: OldDesignator=C19 NewDesignator=C22
Change Component Designator: OldDesignator=C22 NewDesignator=C23
Change Component Designator: OldDesignator=C23 NewDesignator=C29
Change Component Designator: OldDesignator=C24 NewDesignator=C33
Change Component Designator: OldDesignator=C25 NewDesignator=C34
Change Component Designator: OldDesignator=C26 NewDesignator=C35
Change Component Designator: OldDesignator=C27 NewDesignator=C36
Change Component Designator: OldDesignator=C28 NewDesignator=C37
Change Component Designator: OldDesignator=C29 NewDesignator=C31
Change Component Designator: OldDesignator=C30 NewDesignator=C32
Change Component Designator: OldDesignator=C31 NewDesignator=C38
Change Component Designator: OldDesignator=C32 NewDesignator=C26
Change Component Designator: OldDesignator=C33 NewDesignator=C27
Change Component Designator: OldDesignator=C34 NewDesignator=C30
Change Component Designator: OldDesignator=C35 NewDesignator=C28
Change Component Designator: OldDesignator=C36 NewDesignator=C42
Change Component Designator: OldDesignator=C37 NewDesignator=C45
Change Component Designator: OldDesignator=C38 NewDesignator=C43
Change Component Designator: OldDesignator=C39 NewDesignator=C46
Change Component Designator: OldDesignator=C41 NewDesignator=C39
Change Component Designator: OldDesignator=C42 NewDesignator=C41
Change Component Designator: OldDesignator=C43 NewDesignator=C44
Change Component Designator: OldDesignator=C50 NewDesignator=C24
Change Component Designator: OldDesignator=C51 NewDesignator=C25
Change Component Designator: OldDesignator=C58 NewDesignator=C19
Change Component Designator: OldDesignator=R7 NewDesignator=R14
Change Component Designator: OldDesignator=R8 NewDesignator=R18
Change Component Designator: OldDesignator=R9 NewDesignator=R13
Change Component Designator: OldDesignator=R58 NewDesignator=R7
Change Component Designator: OldDesignator=R61 NewDesignator=R15
Change Component Designator: OldDesignator=R66 NewDesignator=R6
Change Component Designator: OldDesignator=R70 NewDesignator=R17
Change Component Designator: OldDesignator=R87 NewDesignator=R8
Change Component Designator: OldDesignator=R88 NewDesignator=R11
Change Component Designator: OldDesignator=R89 NewDesignator=R9
Change Component Designator: OldDesignator=R90 NewDesignator=R10
Change Component Designator: OldDesignator=R99 NewDesignator=R16
Change Component Designator: OldDesignator=R210 NewDesignator=R19
Change Component Designator: OldDesignator=R211 NewDesignator=R20
Change Component Designator: OldDesignator=R212 NewDesignator=R21
Change Component Designator: OldDesignator=R666 NewDesignator=R12
Change Component Designator: OldDesignator=X1 NewDesignator=X2
Change Component Designator: OldDesignator=X3 NewDesignator=X1
Change Component Designator: OldDesignator=X4 NewDesignator=X3
