Removed Pin From Net: NetName=DISP_CS Pin=DISP-30
Removed Pin From Net: NetName=DISP_DB10 Pin=IC2-7
Removed Pin From Net: NetName=DISP_DB11 Pin=IC2-8
Removed Pin From Net: NetName=DISP_RS Pin=IC2-9
Removed Pin From Net: NetName=BUZZER Pin=IC2-11
Removed Pin From Net: NetName=DISP_DB13 Pin=IC2-12
Removed Pin From Net: NetName=DISP_DB14 Pin=IC2-13
Removed Pin From Net: NetName=DISP_DB15 Pin=IC2-14
Removed Pin From Net: NetName=DISP_CS Pin=IC2-29
Removed Pin From Net: NetName=DISP_DB8 Pin=IC2-30
Removed Pin From Net: NetName=DISP_RESET Pin=IC2-34
Removed Pin From Net: NetName=DISP_DB9 Pin=IC2-35
Added Pin To Net: NetName=DISP_DB9 Pin=IC2-7
Added Pin To Net: NetName=DISP_DB10 Pin=IC2-8
Added Pin To Net: NetName=DISP_DB11 Pin=IC2-9
Added Pin To Net: NetName=DISP_DB13 Pin=IC2-11
Added Pin To Net: NetName=DISP_DB14 Pin=IC2-12
Added Pin To Net: NetName=DISP_DB15 Pin=IC2-13
Added Pin To Net: NetName=DISP_BUSY Pin=IC2-14
Added Pin To Net: NetName=DISP_RS Pin=IC2-30
Added Pin To Net: NetName=BUZZER Pin=IC2-31
Added Pin To Net: NetName=DISP_DB8 Pin=IC2-34
Added Pin To Net: NetName=DISP_RESET Pin=IC2-35
Added Pin To Net: NetName=BUZZER Pin=Q9-1
Added Pin To Net: NetName=BUZZER Pin=R89-2
Change Net Name : Old Net Name=DISP_BUSY New Net Name=DISP_T_BUSY
Change Net Name : Old Net Name=DISP_CLK New Net Name=DISP_T_CLK
Change Net Name : Old Net Name=DISP_DIN New Net Name=DISP_T_DIN
Change Net Name : Old Net Name=DISP_DOUT New Net Name=DISP_T_DOUT
Change Net Name : Old Net Name=DISP_INT New Net Name=DISP_T_INT
Added Pin To Net: NetName=DISP_T_CS Pin=DISP-30
Added Pin To Net: NetName=DISP_T_CS Pin=IC2-29
Added Net: Name=DISP_T_CS
Added Room: Name=Main Board
Added Room: Name=U_AFE
Added Room: Name=U_MCU
Added Room: Name=U_RF
Added Room: Name=U_Supply
