Removed Pin From Net: NetName=NetDISP_2 Pin=DISP-17
Removed Pin From Net: NetName=DISP_RD Pin=IC2-7
Removed Pin From Net: NetName=DISP_WR Pin=IC2-8
Removed Pin From Net: NetName=DISP_SLEEP Pin=IC2-10
Added Component: Designator=R666(R0805)
Added Pin To Net: NetName=DISP_CS Pin=DISP-6
Added Pin To Net: NetName=DISP_WR Pin=IC2-45
Added Pin To Net: NetName=DISP_RD Pin=IC2-46
Added Pin To Net: NetName=DISP_SLEEP Pin=IC2-47
Added Pin To Net: NetName=DISP_CS Pin=IC2-48
Added Pin To Net: NetName=DGND Pin=R666-2
Change Net Name : Old Net Name=DISP_DRDY New Net Name=DISP_INT
Change Net Name : Old Net Name=DISP_REST New Net Name=DISP_RESET
Added Pin To Net: NetName=BUZZER Pin=IC2-11
Added Net: Name=BUZZER
Added Pin To Net: NetName=DISP_BUSY Pin=DISP-32
Added Net: Name=DISP_BUSY
Added Pin To Net: NetName=DISP_DB8 Pin=DISP-14
Added Pin To Net: NetName=DISP_DB8 Pin=IC2-30
Added Net: Name=DISP_DB8
Added Pin To Net: NetName=DISP_DB9 Pin=DISP-13
Added Pin To Net: NetName=DISP_DB9 Pin=IC2-35
Added Net: Name=DISP_DB9
Added Pin To Net: NetName=DISP_DB10 Pin=DISP-12
Added Pin To Net: NetName=DISP_DB10 Pin=IC2-7
Added Net: Name=DISP_DB10
Added Pin To Net: NetName=DISP_DB11 Pin=DISP-11
Added Pin To Net: NetName=DISP_DB11 Pin=IC2-8
Added Net: Name=DISP_DB11
Added Pin To Net: NetName=DISP_DB12 Pin=DISP-10
Added Pin To Net: NetName=DISP_DB12 Pin=IC2-10
Added Net: Name=DISP_DB12
Added Pin To Net: NetName=DISP_DB13 Pin=DISP-9
Added Pin To Net: NetName=DISP_DB13 Pin=IC2-12
Added Net: Name=DISP_DB13
Added Pin To Net: NetName=DISP_DB14 Pin=DISP-8
Added Pin To Net: NetName=DISP_DB14 Pin=IC2-13
Added Net: Name=DISP_DB14
Added Pin To Net: NetName=DISP_DB15 Pin=DISP-7
Added Pin To Net: NetName=DISP_DB15 Pin=IC2-14
Added Net: Name=DISP_DB15
Added Pin To Net: NetName=DISP_RS Pin=DISP-17
Added Pin To Net: NetName=DISP_RS Pin=IC2-9
Added Net: Name=DISP_RS
Added Pin To Net: NetName=NetDISP_21 Pin=DISP-21
Added Pin To Net: NetName=NetDISP_21 Pin=DISP-22
Added Pin To Net: NetName=NetDISP_21 Pin=DISP-23
Added Pin To Net: NetName=NetDISP_21 Pin=DISP-24
Added Pin To Net: NetName=NetDISP_21 Pin=DISP-25
Added Pin To Net: NetName=NetDISP_21 Pin=DISP-26
Added Pin To Net: NetName=NetDISP_21 Pin=DISP-27
Added Pin To Net: NetName=NetDISP_21 Pin=DISP-28
Added Pin To Net: NetName=NetDISP_21 Pin=R666-1
Added Net: Name=NetDISP_21
Added Member To Class: ClassName=U_MCU Member=Component R666 1K
