Added Pin To Net: NetName=TDO Pin=con3-1
Added Pin To Net: NetName=TCLK Pin=con3-3
Added Pin To Net: NetName=TMS Pin=con3-5
Added Pin To Net: NetName=TCK Pin=con3-7
Added Pin To Net: NetName=TEST Pin=con3-8
Added Pin To Net: NetName=MR Pin=con3-11
Added Pin To Net: NetName=AFE_DRDY Pin=con4-7
Added Pin To Net: NetName=DISP_DOUT Pin=con4-8
Added Pin To Net: NetName=DISP_DIN Pin=con4-10
Added Pin To Net: NetName=DISP_CS Pin=con4-11
Added Pin To Net: NetName=DISP_CLK Pin=con4-12
Added Pin To Net: NetName=RS Pin=con4-24
Added Pin To Net: NetName=WR Pin=con4-25
Added Pin To Net: NetName=RD Pin=con4-26
Added Pin To Net: NetName=CS Pin=con4-35
Added Pin To Net: NetName=F_CS Pin=con4-36
Added Pin To Net: NetName=REST Pin=con4-37
Added Pin To Net: NetName=BSL_TX Pin=con5-1
Added Pin To Net: NetName=BSL_RX Pin=con5-3
Added Pin To Net: NetName=MR Pin=con5-4
Added Pin To Net: NetName=TEST Pin=con5-7
