Remove Pin=con3-1 From Net=TDO
Remove Pin=con3-3 From Net=TCLK
Remove Pin=con3-5 From Net=TMS
Remove Pin=con3-7 From Net=TCK
Remove Pin=con3-8 From Net=TEST
Remove Pin=con3-11 From Net=MR
Remove Pin=con4-4 From Net=REST
Remove Pin=con4-5 From Net=F_CS
Remove Pin=con4-6 From Net=CS
Remove Pin=con4-15 From Net=RD
Remove Pin=con4-16 From Net=WR
Remove Pin=con4-17 From Net=RS
Remove Pin=con4-29 From Net=DISP_CLK
Remove Pin=con4-30 From Net=DISP_CS
Remove Pin=con4-31 From Net=DISP_DIN
Remove Pin=con4-33 From Net=DISP_DOUT
Remove Pin=con4-34 From Net=AFE_DRDY
Remove Pin=con5-1 From Net=BSL_TX
Remove Pin=con5-4 From Net=MR
Remove Pin=con5-7 From Net=TEST
