Added Pin To Net: NetName=DGND Pin=C1-1
Added Pin To Net: NetName=DGND Pin=C2-2
Added Pin To Net: NetName=DGND Pin=C6-1
Added Pin To Net: NetName=DGND Pin=C7-1
Added Pin To Net: NetName=DGND Pin=C8-1
Added Pin To Net: NetName=DGND Pin=C9-1
Added Pin To Net: NetName=DGND Pin=C10-1
Added Pin To Net: NetName=DGND Pin=C11-1
Added Pin To Net: NetName=DGND Pin=C12-1
Added Pin To Net: NetName=DGND Pin=C13-1
Added Pin To Net: NetName=DGND Pin=C36-1
Added Pin To Net: NetName=DGND Pin=C37-1
Added Pin To Net: NetName=DGND Pin=IC1-10
Added Pin To Net: NetName=DGND Pin=IC1-13
Added Pin To Net: NetName=DGND Pin=IC1-24
Added Pin To Net: NetName=DGND Pin=IC6-2
Added Pin To Net: NetName=DGND Pin=J1-2
Added Pin To Net: NetName=DGND Pin=R4-2
Added Pin To Net: NetName=DGND Pin=R5-2
Change Net Name : Old Net Name=DGND New Net Name=AGND
