Added Component: Designator=ANT(Antenna)
Added Component: Designator=C1(C0603)
Added Component: Designator=C2(C0603)
Added Component: Designator=C3(C0603)
Added Component: Designator=C4(C0603)
Added Component: Designator=C5(C0603)
Added Component: Designator=C6(C0603)
Added Component: Designator=C7(C0603)
Added Component: Designator=C8(C0603)
Added Component: Designator=C9(C0603)
Added Component: Designator=C10(C0603)
Added Component: Designator=C11(C0603)
Added Component: Designator=C12(C0603)
Added Component: Designator=C13(C0603)
Added Component: Designator=C14(C0603)
Added Component: Designator=C15(C0603)
Added Component: Designator=C16(C0603)
Added Component: Designator=C17(C0603)
Added Component: Designator=C18(C0603)
Added Component: Designator=C19(C0603)
Added Component: Designator=C20(C0603)
Added Component: Designator=C21(C0603)
Added Component: Designator=C22(C0603)
Added Component: Designator=C23(C0603)
Added Component: Designator=C24(C0603)
Added Component: Designator=C25(C0603)
Added Component: Designator=C26(C0603)
Added Component: Designator=C27(C0603)
Added Component: Designator=C28(C0603)
Added Component: Designator=C29(C0603)
Added Component: Designator=C30(C0603)
Added Component: Designator=C31(C0603)
Added Component: Designator=C32(C0603)
Added Component: Designator=C33(C0603)
Added Component: Designator=C34(C0603)
Added Component: Designator=C35(C0603)
Added Component: Designator=C36(C0603)
Added Component: Designator=C37(C0603)
Added Component: Designator=C38(C0603)
Added Component: Designator=C39(C0603)
Added Component: Designator=C40(C0603)
Added Component: Designator=C41(C0603)
Added Component: Designator=C42(C0603)
Added Component: Designator=C43(C0603)
Added Component: Designator=CON1(2 Pin 5mm Terminal Block)
Added Component: Designator=CON2(3 Pin 5mm Terminal Block)
Added Component: Designator=con3(14pin_conector)
Added Component: Designator=con4(40pin_conector)
Added Component: Designator=con5(10pin_conector)
Added Component: Designator=DISP(DISPLAY)
Added Component: Designator=F1(LFB212G45SG8A127)
Added Component: Designator=FB1(0805 Ind)
Added Component: Designator=IC1(TSQFP50P700X700X120-32N)
Added Component: Designator=IC2(MSP430FR5972)
Added Component: Designator=IC3(CC2560)
Added Component: Designator=IC4(BQ27421)
Added Component: Designator=IC5(SOT23)
Added Component: Designator=IC6(SOT23)
Added Component: Designator=IC7(SOT23)
Added Component: Designator=IC8(LMS33460)
Added Component: Designator=J1(Jack 3.5mm)
Added Component: Designator=R1(R0603)
Added Component: Designator=R2(R0603)
Added Component: Designator=R3(R0603)
Added Component: Designator=R4(R0603)
Added Component: Designator=R5(R0603)
Added Component: Designator=R6(R0603)
Added Component: Designator=R7(R0603)
Added Component: Designator=R8(R0603)
Added Component: Designator=R9(R0603)
Added Component: Designator=X1(xtal_32768)
Added Component: Designator=X3(XTAL_16_MHz)
Added Component: Designator=X4(XTAL_26MHZ)
Added Pin To Net: NetName=AFE_DRDY Pin=con4-34
Added Pin To Net: NetName=AFE_DRDY Pin=IC2-42
Added Net: Name=AFE_DRDY
Added Pin To Net: NetName=AFEVDD Pin=C11-2
Added Pin To Net: NetName=AFEVDD Pin=C13-2
Added Pin To Net: NetName=AFEVDD Pin=FB1-2
Added Pin To Net: NetName=AFEVDD Pin=IC1-23
Added Net: Name=AFEVDD
Added Pin To Net: NetName=AGND Pin=C1-1
Added Pin To Net: NetName=AGND Pin=C2-2
Added Pin To Net: NetName=AGND Pin=C6-1
Added Pin To Net: NetName=AGND Pin=C7-1
Added Pin To Net: NetName=AGND Pin=C8-1
Added Pin To Net: NetName=AGND Pin=C9-1
Added Pin To Net: NetName=AGND Pin=C10-1
Added Pin To Net: NetName=AGND Pin=C11-1
Added Pin To Net: NetName=AGND Pin=C12-1
Added Pin To Net: NetName=AGND Pin=C13-1
Added Pin To Net: NetName=AGND Pin=C14-1
Added Pin To Net: NetName=AGND Pin=C15-1
Added Pin To Net: NetName=AGND Pin=C16-1
Added Pin To Net: NetName=AGND Pin=C17-1
Added Pin To Net: NetName=AGND Pin=C18-1
Added Pin To Net: NetName=AGND Pin=C19-2
Added Pin To Net: NetName=AGND Pin=C20-2
Added Pin To Net: NetName=AGND Pin=C21-1
Added Pin To Net: NetName=AGND Pin=C22-1
Added Pin To Net: NetName=AGND Pin=C23-1
Added Pin To Net: NetName=AGND Pin=C24-1
Added Pin To Net: NetName=AGND Pin=C25-1
Added Pin To Net: NetName=AGND Pin=C26-1
Added Pin To Net: NetName=AGND Pin=C27-1
Added Pin To Net: NetName=AGND Pin=C28-1
Added Pin To Net: NetName=AGND Pin=C29-1
Added Pin To Net: NetName=AGND Pin=C30-1
Added Pin To Net: NetName=AGND Pin=C32-1
Added Pin To Net: NetName=AGND Pin=C33-1
Added Pin To Net: NetName=AGND Pin=C34-1
Added Pin To Net: NetName=AGND Pin=C35-1
Added Pin To Net: NetName=AGND Pin=C36-1
Added Pin To Net: NetName=AGND Pin=C37-1
Added Pin To Net: NetName=AGND Pin=C38-1
Added Pin To Net: NetName=AGND Pin=C39-1
Added Pin To Net: NetName=AGND Pin=C42-1
Added Pin To Net: NetName=AGND Pin=C43-1
Added Pin To Net: NetName=AGND Pin=CON2-3
Added Pin To Net: NetName=AGND Pin=con4-20
Added Pin To Net: NetName=AGND Pin=con5-5
Added Pin To Net: NetName=AGND Pin=F1-1
Added Pin To Net: NetName=AGND Pin=F1-3
Added Pin To Net: NetName=AGND Pin=IC1-10
Added Pin To Net: NetName=AGND Pin=IC1-13
Added Pin To Net: NetName=AGND Pin=IC1-24
Added Pin To Net: NetName=AGND Pin=IC2-17
Added Pin To Net: NetName=AGND Pin=IC2-39
Added Pin To Net: NetName=AGND Pin=IC2-50
Added Pin To Net: NetName=AGND Pin=IC2-53
Added Pin To Net: NetName=AGND Pin=IC2-56
Added Pin To Net: NetName=AGND Pin=IC2-62
Added Pin To Net: NetName=AGND Pin=IC3-A10
Added Pin To Net: NetName=AGND Pin=IC3-A11
Added Pin To Net: NetName=AGND Pin=IC3-A24
Added Pin To Net: NetName=AGND Pin=IC3-A28
Added Pin To Net: NetName=AGND Pin=IC3-B3
Added Pin To Net: NetName=AGND Pin=IC3-B9
Added Pin To Net: NetName=AGND Pin=IC3-B10
Added Pin To Net: NetName=AGND Pin=IC3-B11
Added Pin To Net: NetName=AGND Pin=IC3-B34
Added Pin To Net: NetName=AGND Pin=IC5-2
Added Pin To Net: NetName=AGND Pin=IC6-2
Added Pin To Net: NetName=AGND Pin=IC7-2
Added Pin To Net: NetName=AGND Pin=IC8-3
Added Pin To Net: NetName=AGND Pin=J1-1
Added Pin To Net: NetName=AGND Pin=R4-2
Added Pin To Net: NetName=AGND Pin=R5-2
Added Pin To Net: NetName=AGND Pin=X3-2
Added Pin To Net: NetName=AGND Pin=X3-4
Added Pin To Net: NetName=AGND Pin=X4-2
Added Pin To Net: NetName=AGND Pin=X4-4
Added Net: Name=AGND
Added Pin To Net: NetName=AVDD Pin=C10-2
Added Pin To Net: NetName=AVDD Pin=C12-2
Added Pin To Net: NetName=AVDD Pin=C37-2
Added Pin To Net: NetName=AVDD Pin=IC1-5
Added Pin To Net: NetName=AVDD Pin=IC1-6
Added Pin To Net: NetName=AVDD Pin=IC1-12
Added Pin To Net: NetName=AVDD Pin=IC1-28
Added Pin To Net: NetName=AVDD Pin=IC1-29
Added Pin To Net: NetName=AVDD Pin=IC1-31
Added Pin To Net: NetName=AVDD Pin=IC1-32
Added Pin To Net: NetName=AVDD Pin=IC6-5
Added Pin To Net: NetName=AVDD Pin=R3-2
Added Net: Name=AVDD
Added Pin To Net: NetName=BSL_RX Pin=con5-3
Added Pin To Net: NetName=BSL_RX Pin=IC2-32
Added Net: Name=BSL_RX
Added Pin To Net: NetName=BSL_TX Pin=con5-1
Added Pin To Net: NetName=BSL_TX Pin=IC2-33
Added Net: Name=BSL_TX
Added Pin To Net: NetName=BYPASS Pin=C41-1
Added Pin To Net: NetName=BYPASS Pin=IC4-B3
Added Net: Name=BYPASS
Added Pin To Net: NetName=CHARGER+ Pin=C36-2
Added Pin To Net: NetName=CHARGER+ Pin=C38-2
Added Pin To Net: NetName=CHARGER+ Pin=C42-2
Added Pin To Net: NetName=CHARGER+ Pin=CON2-1
Added Pin To Net: NetName=CHARGER+ Pin=IC4-C2
Added Pin To Net: NetName=CHARGER+ Pin=IC5-1
Added Pin To Net: NetName=CHARGER+ Pin=IC5-3
Added Pin To Net: NetName=CHARGER+ Pin=IC6-1
Added Pin To Net: NetName=CHARGER+ Pin=IC6-3
Added Pin To Net: NetName=CHARGER+ Pin=IC7-1
Added Pin To Net: NetName=CHARGER+ Pin=IC7-3
Added Pin To Net: NetName=CHARGER+ Pin=IC8-5
Added Net: Name=CHARGER+
Added Pin To Net: NetName=CHARGING Pin=CON2-2
Added Pin To Net: NetName=CHARGING Pin=IC2-36
Added Net: Name=CHARGING
Added Pin To Net: NetName=CS Pin=con4-6
Added Pin To Net: NetName=CS Pin=IC2-35
Added Net: Name=CS
Added Pin To Net: NetName=CTS Pin=IC2-2
Added Pin To Net: NetName=CTS Pin=IC3-A29
Added Net: Name=CTS
Added Pin To Net: NetName=DISP_CLK Pin=con4-29
Added Pin To Net: NetName=DISP_CLK Pin=IC2-28
Added Net: Name=DISP_CLK
Added Pin To Net: NetName=DISP_CS Pin=con4-30
Added Pin To Net: NetName=DISP_CS Pin=IC2-29
Added Net: Name=DISP_CS
Added Pin To Net: NetName=DISP_DIN Pin=con4-31
Added Pin To Net: NetName=DISP_DIN Pin=IC2-26
Added Net: Name=DISP_DIN
Added Pin To Net: NetName=DISP_DOUT Pin=con4-33
Added Pin To Net: NetName=DISP_DOUT Pin=IC2-27
Added Net: Name=DISP_DOUT
Added Pin To Net: NetName=DISPLAY_D\R\D\Y\ Pin=IC1-22
Added Net: Name=DISPLAY_D\R\D\Y\
Added Pin To Net: NetName=DISPLAY_DRDY Pin=IC2-41
Added Net: Name=DISPLAY_DRDY
Added Pin To Net: NetName=DVDD Pin=C14-2
Added Pin To Net: NetName=DVDD Pin=C15-2
Added Pin To Net: NetName=DVDD Pin=C16-2
Added Pin To Net: NetName=DVDD Pin=C17-2
Added Pin To Net: NetName=DVDD Pin=C18-2
Added Pin To Net: NetName=DVDD Pin=C30-2
Added Pin To Net: NetName=DVDD Pin=C43-2
Added Pin To Net: NetName=DVDD Pin=con4-19
Added Pin To Net: NetName=DVDD Pin=FB1-1
Added Pin To Net: NetName=DVDD Pin=IC2-18
Added Pin To Net: NetName=DVDD Pin=IC2-40
Added Pin To Net: NetName=DVDD Pin=IC2-49
Added Pin To Net: NetName=DVDD Pin=IC2-63
Added Pin To Net: NetName=DVDD Pin=IC3-B5
Added Pin To Net: NetName=DVDD Pin=IC3-B6
Added Pin To Net: NetName=DVDD Pin=IC5-5
Added Pin To Net: NetName=DVDD Pin=R6-2
Added Pin To Net: NetName=DVDD Pin=R7-2
Added Pin To Net: NetName=DVDD Pin=R8-2
Added Net: Name=DVDD
Added Pin To Net: NetName=F_CS Pin=con4-5
Added Pin To Net: NetName=F_CS Pin=IC2-30
Added Net: Name=F_CS
Added Pin To Net: NetName=GPOUT Pin=IC2-4
Added Pin To Net: NetName=GPOUT Pin=IC4-A1
Added Net: Name=GPOUT
Added Pin To Net: NetName=HFXIN Pin=C22-2
Added Pin To Net: NetName=HFXIN Pin=IC2-55
Added Pin To Net: NetName=HFXIN Pin=X3-3
Added Net: Name=HFXIN
Added Pin To Net: NetName=HFXOUT Pin=C21-2
Added Pin To Net: NetName=HFXOUT Pin=IC2-54
Added Pin To Net: NetName=HFXOUT Pin=X3-1
Added Net: Name=HFXOUT
Added Pin To Net: NetName=MR Pin=con3-11
Added Pin To Net: NetName=MR Pin=con5-4
Added Pin To Net: NetName=MR Pin=IC2-20
Added Pin To Net: NetName=MR Pin=IC8-4
Added Pin To Net: NetName=MR Pin=R8-1
Added Net: Name=MR
Added Pin To Net: NetName=NetANT_0 Pin=F1-2
Added Net: Name=NetANT_0
Added Pin To Net: NetName=NetC1_2 Pin=C1-2
Added Pin To Net: NetName=NetC1_2 Pin=C3-2
Added Pin To Net: NetName=NetC1_2 Pin=IC1-3
Added Pin To Net: NetName=NetC1_2 Pin=R1-2
Added Net: Name=NetC1_2
Added Pin To Net: NetName=NetC2_1 Pin=C2-1
Added Pin To Net: NetName=NetC2_1 Pin=C3-1
Added Pin To Net: NetName=NetC2_1 Pin=IC1-4
Added Pin To Net: NetName=NetC2_1 Pin=R2-2
Added Net: Name=NetC2_1
Added Pin To Net: NetName=NetC4_1 Pin=C4-1
Added Pin To Net: NetName=NetC4_1 Pin=IC1-2
Added Net: Name=NetC4_1
Added Pin To Net: NetName=NetC4_2 Pin=C4-2
Added Pin To Net: NetName=NetC4_2 Pin=IC1-1
Added Net: Name=NetC4_2
Added Pin To Net: NetName=NetC5_1 Pin=C5-1
Added Pin To Net: NetName=NetC5_1 Pin=IC1-8
Added Net: Name=NetC5_1
Added Pin To Net: NetName=NetC5_2 Pin=C5-2
Added Pin To Net: NetName=NetC5_2 Pin=IC1-7
Added Net: Name=NetC5_2
Added Pin To Net: NetName=NetC6_2 Pin=C6-2
Added Pin To Net: NetName=NetC6_2 Pin=IC1-27
Added Net: Name=NetC6_2
Added Pin To Net: NetName=NetC7_2 Pin=C7-2
Added Pin To Net: NetName=NetC7_2 Pin=IC1-11
Added Net: Name=NetC7_2
Added Pin To Net: NetName=NetC8_2 Pin=C8-2
Added Pin To Net: NetName=NetC8_2 Pin=C9-2
Added Pin To Net: NetName=NetC8_2 Pin=IC1-9
Added Net: Name=NetC8_2
Added Pin To Net: NetName=NetC19_1 Pin=C19-1
Added Pin To Net: NetName=NetC19_1 Pin=IC2-51
Added Pin To Net: NetName=NetC19_1 Pin=X1-1
Added Net: Name=NetC19_1
Added Pin To Net: NetName=NetC20_1 Pin=C20-1
Added Pin To Net: NetName=NetC20_1 Pin=IC2-52
Added Pin To Net: NetName=NetC20_1 Pin=X1-2
Added Net: Name=NetC20_1
Added Pin To Net: NetName=NetC23_2 Pin=C23-2
Added Pin To Net: NetName=NetC23_2 Pin=C34-2
Added Pin To Net: NetName=NetC23_2 Pin=C35-2
Added Pin To Net: NetName=NetC23_2 Pin=IC3-A2
Added Pin To Net: NetName=NetC23_2 Pin=IC3-A3
Added Pin To Net: NetName=NetC23_2 Pin=IC3-B15
Added Pin To Net: NetName=NetC23_2 Pin=IC3-B26
Added Pin To Net: NetName=NetC23_2 Pin=IC3-B27
Added Pin To Net: NetName=NetC23_2 Pin=IC3-B35
Added Pin To Net: NetName=NetC23_2 Pin=IC3-B36
Added Net: Name=NetC23_2
Added Pin To Net: NetName=NetC25_2 Pin=C25-2
Added Pin To Net: NetName=NetC25_2 Pin=IC3-A12
Added Net: Name=NetC25_2
Added Pin To Net: NetName=NetC26_2 Pin=C26-2
Added Pin To Net: NetName=NetC26_2 Pin=IC3-A7
Added Net: Name=NetC26_2
Added Pin To Net: NetName=NetC27_2 Pin=C27-2
Added Pin To Net: NetName=NetC27_2 Pin=IC3-A8
Added Net: Name=NetC27_2
Added Pin To Net: NetName=NetC28_2 Pin=C28-2
Added Pin To Net: NetName=NetC28_2 Pin=IC3-B1
Added Net: Name=NetC28_2
Added Pin To Net: NetName=NetC29_2 Pin=C29-2
Added Pin To Net: NetName=NetC29_2 Pin=IC3-A5
Added Pin To Net: NetName=NetC29_2 Pin=IC3-A9
Added Pin To Net: NetName=NetC29_2 Pin=IC3-B2
Added Pin To Net: NetName=NetC29_2 Pin=IC3-B7
Added Net: Name=NetC29_2
Added Pin To Net: NetName=NetC31_1 Pin=C31-1
Added Pin To Net: NetName=NetC31_1 Pin=IC3-B8
Added Net: Name=NetC31_1
Added Pin To Net: NetName=NetC31_2 Pin=C31-2
Added Pin To Net: NetName=NetC31_2 Pin=F1-4
Added Net: Name=NetC31_2
Added Pin To Net: NetName=NetC32_2 Pin=C32-2
Added Pin To Net: NetName=NetC32_2 Pin=IC3-B4
Added Pin To Net: NetName=NetC32_2 Pin=X4-3
Added Net: Name=NetC32_2
Added Pin To Net: NetName=NetC33_2 Pin=C33-2
Added Pin To Net: NetName=NetC33_2 Pin=IC3-A4
Added Pin To Net: NetName=NetC33_2 Pin=X4-1
Added Net: Name=NetC33_2
Added Pin To Net: NetName=NetIC1_14 Pin=IC1-14
Added Pin To Net: NetName=NetIC1_14 Pin=IC2-38
Added Net: Name=NetIC1_14
Added Pin To Net: NetName=NetIC1_15 Pin=IC1-15
Added Pin To Net: NetName=NetIC1_15 Pin=IC2-37
Added Net: Name=NetIC1_15
Added Pin To Net: NetName=NetIC1_16 Pin=IC1-16
Added Pin To Net: NetName=NetIC1_16 Pin=IC2-57
Added Net: Name=NetIC1_16
Added Pin To Net: NetName=NetIC1_18 Pin=IC1-18
Added Pin To Net: NetName=NetIC1_18 Pin=IC2-58
Added Net: Name=NetIC1_18
Added Pin To Net: NetName=NetIC1_19 Pin=IC1-19
Added Pin To Net: NetName=NetIC1_19 Pin=IC2-60
Added Net: Name=NetIC1_19
Added Pin To Net: NetName=NetIC1_20 Pin=IC1-20
Added Pin To Net: NetName=NetIC1_20 Pin=IC2-59
Added Net: Name=NetIC1_20
Added Pin To Net: NetName=NetIC1_21 Pin=IC1-21
Added Pin To Net: NetName=NetIC1_21 Pin=IC2-61
Added Net: Name=NetIC1_21
Added Pin To Net: NetName=NetIC1_25 Pin=IC1-25
Added Pin To Net: NetName=NetIC1_25 Pin=R5-1
Added Net: Name=NetIC1_25
Added Pin To Net: NetName=NetIC1_26 Pin=IC1-26
Added Pin To Net: NetName=NetIC1_26 Pin=R4-1
Added Net: Name=NetIC1_26
Added Pin To Net: NetName=NetIC1_30 Pin=IC1-30
Added Pin To Net: NetName=NetIC1_30 Pin=R3-1
Added Net: Name=NetIC1_30
Added Pin To Net: NetName=NetIC2_1 Pin=IC2-1
Added Pin To Net: NetName=NetIC2_1 Pin=IC3-A33
Added Net: Name=NetIC2_1
Added Pin To Net: NetName=NetIC2_25 Pin=IC2-25
Added Pin To Net: NetName=NetIC2_25 Pin=IC3-A6
Added Net: Name=NetIC2_25
Added Pin To Net: NetName=NetIC2_64 Pin=IC2-64
Added Pin To Net: NetName=NetIC2_64 Pin=IC3-A26
Added Net: Name=NetIC2_64
Added Pin To Net: NetName=NetIC4_B1 Pin=IC4-B1
Added Pin To Net: NetName=NetIC4_B1 Pin=R9-2
Added Net: Name=NetIC4_B1
Added Pin To Net: NetName=NetJ1_2 Pin=J1-2
Added Pin To Net: NetName=NetJ1_2 Pin=R2-1
Added Net: Name=NetJ1_2
Added Pin To Net: NetName=NetJ1_3 Pin=J1-3
Added Pin To Net: NetName=NetJ1_3 Pin=R1-1
Added Net: Name=NetJ1_3
Added Pin To Net: NetName=PACK+ Pin=C40-2
Added Pin To Net: NetName=PACK+ Pin=CON1-2
Added Pin To Net: NetName=PACK+ Pin=IC4-C3
Added Net: Name=PACK+
Added Pin To Net: NetName=PACK- Pin=C40-1
Added Pin To Net: NetName=PACK- Pin=C41-2
Added Pin To Net: NetName=PACK- Pin=CON1-1
Added Pin To Net: NetName=PACK- Pin=IC4-B2
Added Pin To Net: NetName=PACK- Pin=IC4-C1
Added Pin To Net: NetName=PACK- Pin=R9-1
Added Net: Name=PACK-
Added Pin To Net: NetName=RD Pin=con4-15
Added Pin To Net: NetName=RD Pin=IC2-7
Added Net: Name=RD
Added Pin To Net: NetName=REST Pin=con4-4
Added Pin To Net: NetName=REST Pin=IC2-34
Added Net: Name=REST
Added Pin To Net: NetName=RFVDD Pin=C24-2
Added Pin To Net: NetName=RFVDD Pin=C39-2
Added Pin To Net: NetName=RFVDD Pin=IC3-A17
Added Pin To Net: NetName=RFVDD Pin=IC3-A34
Added Pin To Net: NetName=RFVDD Pin=IC3-A38
Added Pin To Net: NetName=RFVDD Pin=IC3-B18
Added Pin To Net: NetName=RFVDD Pin=IC3-B19
Added Pin To Net: NetName=RFVDD Pin=IC3-B21
Added Pin To Net: NetName=RFVDD Pin=IC3-B22
Added Pin To Net: NetName=RFVDD Pin=IC3-B25
Added Pin To Net: NetName=RFVDD Pin=IC7-5
Added Net: Name=RFVDD
Added Pin To Net: NetName=RS Pin=con4-17
Added Pin To Net: NetName=RS Pin=IC2-10
Added Net: Name=RS
Added Pin To Net: NetName=RTS Pin=IC2-3
Added Pin To Net: NetName=RTS Pin=IC3-A32
Added Net: Name=RTS
Added Pin To Net: NetName=SCL Pin=IC2-15
Added Pin To Net: NetName=SCL Pin=IC4-A3
Added Pin To Net: NetName=SCL Pin=R7-1
Added Net: Name=SCL
Added Pin To Net: NetName=SDA Pin=IC2-16
Added Pin To Net: NetName=SDA Pin=IC4-A2
Added Pin To Net: NetName=SDA Pin=R6-1
Added Net: Name=SDA
Added Pin To Net: NetName=TCK Pin=con3-7
Added Pin To Net: NetName=TCK Pin=IC2-24
Added Net: Name=TCK
Added Pin To Net: NetName=TCLK Pin=con3-3
Added Pin To Net: NetName=TCLK Pin=IC2-22
Added Net: Name=TCLK
Added Pin To Net: NetName=TDO Pin=con3-1
Added Pin To Net: NetName=TDO Pin=IC1-17
Added Pin To Net: NetName=TDO Pin=IC2-21
Added Net: Name=TDO
Added Pin To Net: NetName=TEST Pin=con3-8
Added Pin To Net: NetName=TEST Pin=con5-7
Added Pin To Net: NetName=TEST Pin=IC2-19
Added Net: Name=TEST
Added Pin To Net: NetName=TMS Pin=con3-5
Added Pin To Net: NetName=TMS Pin=IC2-23
Added Pin To Net: NetName=TMS Pin=IC3-A25
Added Net: Name=TMS
Added Pin To Net: NetName=WR Pin=con4-16
Added Pin To Net: NetName=WR Pin=IC2-8
Added Net: Name=WR
Added Class: Name=Main Board
Added Class: Name=U_AFE
Added Class: Name=U_MCU
Added Class: Name=U_RF
Added Class: Name=U_Supply
Added Room: Name=Main Board
Added Room: Name=U_AFE
Added Room: Name=U_MCU
Added Room: Name=U_RF
Added Room: Name=U_Supply
