Removed Pin From Net: NetName=AGND Pin=C2-1
Removed Pin From Net: NetName=AGND Pin=C3-2
Removed Pin From Net: NetName=AGND Pin=C6-1
Removed Pin From Net: NetName=AGND Pin=C7-1
Removed Pin From Net: NetName=AGND Pin=C8-1
Removed Pin From Net: NetName=AGND Pin=C9-1
Removed Pin From Net: NetName=AGND Pin=C10-1
Removed Pin From Net: NetName=AGND Pin=C11-1
Removed Pin From Net: NetName=AGND Pin=C12-1
Removed Pin From Net: NetName=AGND Pin=C13-1
Removed Pin From Net: NetName=AGND Pin=C42-1
Removed Pin From Net: NetName=AGND Pin=C45-1
Removed Pin From Net: NetName=AGND Pin=IC1-10
Removed Pin From Net: NetName=AGND Pin=IC1-13
Removed Pin From Net: NetName=AGND Pin=IC1-24
Removed Pin From Net: NetName=AGND Pin=IC6-2
Removed Pin From Net: NetName=AGND Pin=J1-2
Removed Pin From Net: NetName=AGND Pin=R4-2
Removed Pin From Net: NetName=AGND Pin=R5-2
Added Component: Designator=NT1(Net Tie (AGND-DGND))
Added Pin To Net: NetName=AGND Pin=NT1-2
Added Pin To Net: NetName=AGND Pin=NT1-2
Change Net Name : Old Net Name=AGND New Net Name=DGND
Added Pin To Net: NetName=AGND Pin=C2-1
Added Pin To Net: NetName=AGND Pin=C3-2
Added Pin To Net: NetName=AGND Pin=C6-1
Added Pin To Net: NetName=AGND Pin=C7-1
Added Pin To Net: NetName=AGND Pin=C8-1
Added Pin To Net: NetName=AGND Pin=C9-1
Added Pin To Net: NetName=AGND Pin=C10-1
Added Pin To Net: NetName=AGND Pin=C11-1
Added Pin To Net: NetName=AGND Pin=C12-1
Added Pin To Net: NetName=AGND Pin=C13-1
Added Pin To Net: NetName=AGND Pin=C42-1
Added Pin To Net: NetName=AGND Pin=C45-1
Added Pin To Net: NetName=AGND Pin=IC1-10
Added Pin To Net: NetName=AGND Pin=IC1-13
Added Pin To Net: NetName=AGND Pin=IC1-24
Added Pin To Net: NetName=AGND Pin=IC6-2
Added Pin To Net: NetName=AGND Pin=J1-2
Added Pin To Net: NetName=AGND Pin=NT1-1
Added Pin To Net: NetName=AGND Pin=NT1-1
Added Pin To Net: NetName=AGND Pin=R4-2
Added Pin To Net: NetName=AGND Pin=R5-2
Added Net: Name=AGND
Added Member To Class: ClassName=U_AFE Member=Component NT1 Net Tie
