Removed Pin From Net: NetName=AFE_DRDY Pin=con4-7
Removed Pin From Net: NetName=DISP_DOUT Pin=con4-8
Removed Pin From Net: NetName=DISP_DIN Pin=con4-10
Removed Pin From Net: NetName=DISP_CS Pin=con4-11
Removed Pin From Net: NetName=DISP_CLK Pin=con4-12
Removed Pin From Net: NetName=AGND Pin=con4-21
Removed Pin From Net: NetName=DVDD Pin=con4-22
Removed Pin From Net: NetName=RS Pin=con4-24
Removed Pin From Net: NetName=WR Pin=con4-25
Removed Pin From Net: NetName=RD Pin=con4-26
Removed Pin From Net: NetName=CS Pin=con4-35
Removed Pin From Net: NetName=F_CS Pin=con4-36
Removed Pin From Net: NetName=REST Pin=con4-37
Removed Pin From Net: NetName=DVDD Pin=con4-39
Added Component: Designator=DISP(DISPLAY)
Added Pin To Net: NetName=REST Pin=con4-4
Added Pin To Net: NetName=F_CS Pin=con4-5
Added Pin To Net: NetName=CS Pin=con4-6
Added Pin To Net: NetName=RD Pin=con4-15
Added Pin To Net: NetName=WR Pin=con4-16
Added Pin To Net: NetName=RS Pin=con4-17
Added Pin To Net: NetName=DVDD Pin=con4-19
Added Pin To Net: NetName=AGND Pin=con4-20
Added Pin To Net: NetName=DISP_CLK Pin=con4-29
Added Pin To Net: NetName=DISP_CS Pin=con4-30
Added Pin To Net: NetName=DISP_DIN Pin=con4-31
Added Pin To Net: NetName=DISP_DOUT Pin=con4-33
Added Pin To Net: NetName=AFE_DRDY Pin=con4-34
Added Member To Class: ClassName=U_MCU Member=Component DISP DISPLAY
