Removed Pin From Net: NetName=AGND Pin=IC3-77
Removed Pin From Net: NetName=NetIC2_64 Pin=IC3-A26
Removed Pin From Net: NetName=CTS Pin=IC3-A29
Removed Pin From Net: NetName=RTS Pin=IC3-A32
Removed Pin From Net: NetName=NetIC2_1 Pin=IC3-A33
Removed Pin From Net: NetName=MR Pin=J4-11
Added Component: Designator=C58(C0603)
Added Component: Designator=IC9(LSF0204)
Added Component: Designator=Q5(SOT65P210X110-3N)
Added Component: Designator=R58(R0805)
Added Pin To Net: NetName=AGND Pin=C58-1
Added Pin To Net: NetName=MR Pin=C58-2
Added Pin To Net: NetName=RFVDD Pin=IC9-1
Added Pin To Net: NetName=AGND Pin=IC9-7
Added Pin To Net: NetName=DVDD Pin=IC9-8
Added Pin To Net: NetName=CTS Pin=IC9-10
Added Pin To Net: NetName=RTS Pin=IC9-11
Added Pin To Net: NetName=NetIC2_64 Pin=IC9-12
Added Pin To Net: NetName=NetIC2_1 Pin=IC9-13
Added Pin To Net: NetName=DVDD Pin=IC9-14
Added Pin To Net: NetName=AGND Pin=J4-9
Added Pin To Net: NetName=DVDD Pin=Q5-2
Added Pin To Net: NetName=MR Pin=R58-2
Added Pin To Net: NetName=DISP_LED_VDD Pin=IC2-11
Added Pin To Net: NetName=DISP_LED_VDD Pin=Q5-1
Added Net: Name=DISP_LED_VDD
Added Pin To Net: NetName=JTAG_RST Pin=J4-11
Added Pin To Net: NetName=JTAG_RST Pin=R58-1
Added Net: Name=JTAG_RST
Added Pin To Net: NetName=NetDISP_2 Pin=DISP-2
Added Pin To Net: NetName=NetDISP_2 Pin=Q5-3
Added Net: Name=NetDISP_2
Added Pin To Net: NetName=NetIC3_A26 Pin=IC3-A26
Added Pin To Net: NetName=NetIC3_A26 Pin=IC9-3
Added Net: Name=NetIC3_A26
Added Pin To Net: NetName=NetIC3_A29 Pin=IC3-A29
Added Pin To Net: NetName=NetIC3_A29 Pin=IC9-5
Added Net: Name=NetIC3_A29
Added Pin To Net: NetName=NetIC3_A32 Pin=IC3-A32
Added Pin To Net: NetName=NetIC3_A32 Pin=IC9-4
Added Net: Name=NetIC3_A32
Added Pin To Net: NetName=NetIC3_A33 Pin=IC3-A33
Added Pin To Net: NetName=NetIC3_A33 Pin=IC9-2
Added Net: Name=NetIC3_A33
Added Pin To Net: NetName=VOTON Pin=IC2-5
Added Net: Name=VOTON
Added Member To Class: ClassName=U_MCU Member=Component C58 2.2n
Added Member To Class: ClassName=U_RF Member=Component IC9 LSF0204
Added Member To Class: ClassName=U_MCU Member=Component Q5 BSS84
Added Member To Class: ClassName=U_MCU Member=Component R58 220
