Removed Pin From Net: NetName=BYPASS Pin=C41-1
Removed Pin From Net: NetName=DISP_LED_VDD Pin=IC2-11
Removed Pin From Net: NetName=CHARGER+ Pin=IC8-5
Change Component Comment : Designator=IC4 Old Comment=BQ27421 New Comment=FUEL GUAGE
Change Component Designator: OldDesignator=R6 NewDesignator=R61
Added Component: Designator=R66(R0603)
Added Component: Designator=R70(R0603)
Added Component: Designator=R99(R0603)
Added Pin To Net: NetName=DGND Pin=C40-1
Added Pin To Net: NetName=DGND Pin=C41-1
Added Pin To Net: NetName=BYPASS Pin=C41-2
Added Pin To Net: NetName=NetDISP_2 Pin=DISP-17
Added Pin To Net: NetName=DISP_LED_VDD Pin=IC2-10
Added Pin To Net: NetName=DGND Pin=IC4-B2
Added Pin To Net: NetName=DGND Pin=IC4-C1
Added Pin To Net: NetName=DVDD Pin=IC8-5
Added Pin To Net: NetName=DGND Pin=J2-1
Added Pin To Net: NetName=DGND Pin=R9-1
Added Pin To Net: NetName=DGND Pin=R66-1
Added Pin To Net: NetName=NetIC1_21 Pin=R66-2
Added Pin To Net: NetName=DGND Pin=R70-1
Added Pin To Net: NetName=CHARGING Pin=R70-2
Added Pin To Net: NetName=GPOUT Pin=R99-1
Added Pin To Net: NetName=DVDD Pin=R99-2
Change Net Name : Old Net Name=BYPASS New Net Name=NetC41_2
Change Net Name : Old Net Name=CHARGER+ New Net Name=VBUS
Change Net Name : Old Net Name=DGND New Net Name=PACK-
Change Net Name : Old Net Name=DISP_LED_VDD New Net Name=DISP_SLEEP
Added Member To Class: ClassName=U_AFE Member=Component R66 1K
Added Member To Class: ClassName=U_Supply Member=Component R70 1.5M
Added Member To Class: ClassName=U_Supply Member=Component R99 10K
