Remove Pin=con3-1 From Net=TDO
Remove Pin=con3-3 From Net=TCLK
Remove Pin=con3-5 From Net=TMS
Remove Pin=con3-7 From Net=TCK
Remove Pin=con3-8 From Net=TEST
Remove Pin=con3-11 From Net=MR
Remove Pin=con4-7 From Net=AFE_DRDY
Remove Pin=con4-8 From Net=DISP_DOUT
Remove Pin=con4-10 From Net=DISP_DIN
Remove Pin=con4-11 From Net=DISP_CS
Remove Pin=con4-12 From Net=DISP_CLK
Remove Pin=con4-24 From Net=RS
Remove Pin=con4-25 From Net=WR
Remove Pin=con4-26 From Net=RD
Remove Pin=con4-35 From Net=CS
Remove Pin=con4-36 From Net=F_CS
Remove Pin=con4-37 From Net=REST
Remove Pin=con5-1 From Net=BSL_TX
Remove Pin=con5-4 From Net=MR
Remove Pin=con5-7 From Net=TEST
