Removed Member From Class: ClassName=U_RF Member=C42
Removed Member From Class: ClassName=U_MCU Member=C44
Removed Member From Class: ClassName=U_RF Member=C44
Removed Member From Class: ClassName=U_RF Member=C45
Removed Member From Class: ClassName=U_MCU Member=R13
Removed Member From Class: ClassName=U_MCU Member=R14
Removed Member From Class: ClassName=U_MCU Member=R15
Change Net Name : Old Net Name=NetC2_1 New Net Name=NetC1_1
Change Net Name : Old Net Name=NetC6_2 New Net Name=NetC8_2
Change Net Name : Old Net Name=NetC7_2 New Net Name=NetC9_2
Change Net Name : Old Net Name=NetC8_2 New Net Name=NetC6_2
Change Net Name : Old Net Name=NetC23_2 New Net Name=NetC28_2
Change Net Name : Old Net Name=NetC25_2 New Net Name=NetC34_2
Change Net Name : Old Net Name=NetC26_2 New Net Name=NetC35_2
Change Net Name : Old Net Name=NetC27_2 New Net Name=NetC36_2
Change Net Name : Old Net Name=NetC28_2 New Net Name=NetC37_2
Change Net Name : Old Net Name=NetC29_2 New Net Name=NetC31_2
Change Net Name : Old Net Name=NetC31_2 New Net Name=NetC38_2
Change Net Name : Old Net Name=NetC41_2 New Net Name=NetC39_2
Change Net Name : Old Net Name=NetQ9_3 New Net Name=NetQ1_3
Added Member To Class: ClassName=U_MCU Member=Component C23 8p
Added Member To Class: ClassName=U_RF Member=Component C36 0.1u
Added Member To Class: ClassName=U_RF Member=Component C37 0.1u
Added Member To Class: ClassName=U_RF Member=Component C38 22p
Added Member To Class: ClassName=U_MCU Member=Component R7 220
Added Member To Class: ClassName=U_MCU Member=Component R8 10K
Added Member To Class: ClassName=U_MCU Member=Component R9 10K
Added Member To Class: ClassName=U_Supply Member=Component R17 1.5M
Added Member To Class: ClassName=U_Supply Member=Component R18 470K
Added Room: Name=Main Board
Added Room: Name=U_AFE
Added Room: Name=U_MCU
Added Room: Name=U_Mechanical
Added Room: Name=U_RF
Added Room: Name=U_Supply
