Added Pin To Net: NetName=NetC23_2 Pin=IC3-A2
Added Pin To Net: NetName=NetC23_2 Pin=IC3-A3
Added Pin To Net: NetName=NetC33_2 Pin=IC3-A4
Added Pin To Net: NetName=NetC29_2 Pin=IC3-A5
Added Pin To Net: NetName=NetIC2_25 Pin=IC3-A6
Added Pin To Net: NetName=NetC26_2 Pin=IC3-A7
Added Pin To Net: NetName=NetC27_2 Pin=IC3-A8
Added Pin To Net: NetName=NetC29_2 Pin=IC3-A9
Added Pin To Net: NetName=AGND Pin=IC3-A10
Added Pin To Net: NetName=AGND Pin=IC3-A11
Added Pin To Net: NetName=NetC25_2 Pin=IC3-A12
Added Pin To Net: NetName=RFVDD Pin=IC3-A17
Added Pin To Net: NetName=AGND Pin=IC3-A24
Added Pin To Net: NetName=TMS Pin=IC3-A25
Added Pin To Net: NetName=NetIC2_64 Pin=IC3-A26
Added Pin To Net: NetName=AGND Pin=IC3-A28
Added Pin To Net: NetName=CTS Pin=IC3-A29
Added Pin To Net: NetName=RTS Pin=IC3-A32
Added Pin To Net: NetName=NetIC2_1 Pin=IC3-A33
Added Pin To Net: NetName=RFVDD Pin=IC3-A34
Added Pin To Net: NetName=RFVDD Pin=IC3-A38
Added Pin To Net: NetName=NetC28_2 Pin=IC3-B1
Added Pin To Net: NetName=NetC29_2 Pin=IC3-B2
Added Pin To Net: NetName=AGND Pin=IC3-B3
Added Pin To Net: NetName=NetC32_2 Pin=IC3-B4
Added Pin To Net: NetName=DVDD Pin=IC3-B5
Added Pin To Net: NetName=DVDD Pin=IC3-B6
Added Pin To Net: NetName=NetC29_2 Pin=IC3-B7
Added Pin To Net: NetName=NetC31_1 Pin=IC3-B8
Added Pin To Net: NetName=AGND Pin=IC3-B9
Added Pin To Net: NetName=AGND Pin=IC3-B10
Added Pin To Net: NetName=AGND Pin=IC3-B11
Added Pin To Net: NetName=NetC23_2 Pin=IC3-B15
Added Pin To Net: NetName=RFVDD Pin=IC3-B18
Added Pin To Net: NetName=RFVDD Pin=IC3-B19
Added Pin To Net: NetName=RFVDD Pin=IC3-B21
Added Pin To Net: NetName=RFVDD Pin=IC3-B22
Added Pin To Net: NetName=RFVDD Pin=IC3-B25
Added Pin To Net: NetName=NetC23_2 Pin=IC3-B26
Added Pin To Net: NetName=NetC23_2 Pin=IC3-B27
Added Pin To Net: NetName=AGND Pin=IC3-B34
Added Pin To Net: NetName=NetC23_2 Pin=IC3-B35
Added Pin To Net: NetName=NetC23_2 Pin=IC3-B36
