Added Component: Designator=Q9(SOT65P210X110-3N)
Added Component: Designator=R89(R0603)
Added Component: Designator=Z1(KSSG74B16)
Added Pin To Net: NetName=DGND Pin=Q9-2
Added Pin To Net: NetName=DGND Pin=R89-1
Added Pin To Net: NetName=DVDD Pin=Z1-1
Added Pin To Net: NetName=DVDD Pin=Z1-1
Added Pin To Net: NetName=NetQ9_1 Pin=Q9-1
Added Pin To Net: NetName=NetQ9_1 Pin=R89-2
Added Net: Name=NetQ9_1
Added Pin To Net: NetName=NetQ9_3 Pin=Q9-3
Added Pin To Net: NetName=NetQ9_3 Pin=Z1-2
Added Pin To Net: NetName=NetQ9_3 Pin=Z1-2
Added Net: Name=NetQ9_3
Added Member To Class: ClassName=U_MCU Member=Component Q9 2N7002
Added Member To Class: ClassName=U_MCU Member=Component R89 10K
Added Member To Class: ClassName=U_MCU Member=Component Z1 Buzzer
Added Room: Name=Main Board
Added Room: Name=U_AFE
Added Room: Name=U_MCU
Added Room: Name=U_RF
Added Room: Name=U_Supply
