Replace Part C14 Capacitor in C:\Users\slopez\workspace\github\tiic-2015\MCU.SchDoc with Capacitor from Common Devices.SchLib
Replace Part C15 Capacitor in C:\Users\slopez\workspace\github\tiic-2015\MCU.SchDoc with Capacitor from Common Devices.SchLib
Replace Part C16 Capacitor in C:\Users\slopez\workspace\github\tiic-2015\MCU.SchDoc with Capacitor from Common Devices.SchLib
Replace Part C17 Capacitor in C:\Users\slopez\workspace\github\tiic-2015\MCU.SchDoc with Capacitor from Common Devices.SchLib
Replace Part C18 Capacitor in C:\Users\slopez\workspace\github\tiic-2015\MCU.SchDoc with Capacitor from Common Devices.SchLib
Replace Part C19 Capacitor in C:\Users\slopez\workspace\github\tiic-2015\MCU.SchDoc with Capacitor from Common Devices.SchLib
Replace Part C20 Capacitor in C:\Users\slopez\workspace\github\tiic-2015\MCU.SchDoc with Capacitor from Common Devices.SchLib
Replace Part C21 Capacitor in C:\Users\slopez\workspace\github\tiic-2015\MCU.SchDoc with Capacitor from Common Devices.SchLib
Replace Part C22 Capacitor in C:\Users\slopez\workspace\github\tiic-2015\MCU.SchDoc with Capacitor from Common Devices.SchLib
Replace Part C23 Capacitor in C:\Users\slopez\workspace\github\tiic-2015\MCU.SchDoc with Capacitor from Common Devices.SchLib
Replace Part D3 LED in C:\Users\slopez\workspace\github\tiic-2015\MCU.SchDoc with LED from Common Devices.SchLib
Replace Part DISP Touchscreen in C:\Users\slopez\workspace\github\tiic-2015\MCU.SchDoc with Touchscreen from Main Board.SchLib
Replace Part IC2 MSP430FR5972IPMR in C:\Users\slopez\workspace\github\tiic-2015\MCU.SchDoc with MSP430FR5972IPMR from Main Board.SchLib
Replace Part J4 JTAG 14 Pins in C:\Users\slopez\workspace\github\tiic-2015\MCU.SchDoc with JTAG 14 Pins from Main Board.SchLib
Replace Part Q1 2N7002 in C:\Users\slopez\workspace\github\tiic-2015\MCU.SchDoc with 2N7002 from Common Devices.SchLib
Replace Part Q2 2N7002 in C:\Users\slopez\workspace\github\tiic-2015\MCU.SchDoc with 2N7002 from Common Devices.SchLib
Replace Part Q4 BSS84 in C:\Users\slopez\workspace\github\tiic-2015\MCU.SchDoc with BSS84 from Common Devices.SchLib
Replace Part R7 Resistor in C:\Users\slopez\workspace\github\tiic-2015\MCU.SchDoc with Resistor from Common Devices.SchLib
Replace Part R8 Resistor in C:\Users\slopez\workspace\github\tiic-2015\MCU.SchDoc with Resistor from Common Devices.SchLib
Replace Part R9 Resistor in C:\Users\slopez\workspace\github\tiic-2015\MCU.SchDoc with Resistor from Common Devices.SchLib
Replace Part R10 Resistor in C:\Users\slopez\workspace\github\tiic-2015\MCU.SchDoc with Resistor from Common Devices.SchLib
Replace Part R11 Resistor in C:\Users\slopez\workspace\github\tiic-2015\MCU.SchDoc with Resistor from Common Devices.SchLib
Replace Part R12 Resistor in C:\Users\slopez\workspace\github\tiic-2015\MCU.SchDoc with Resistor from Common Devices.SchLib
Replace Part R21 Resistor in C:\Users\slopez\workspace\github\tiic-2015\MCU.SchDoc with Resistor from Common Devices.SchLib
Replace Part X1 XTAL_16_MHz in C:\Users\slopez\workspace\github\tiic-2015\MCU.SchDoc with XTAL_16_MHz from Main Board.SchLib
Replace Part X2 XTAL_32768 in C:\Users\slopez\workspace\github\tiic-2015\MCU.SchDoc with XTAL_32768 from Main Board.SchLib
Replace Part Z1 Buzzer in C:\Users\slopez\workspace\github\tiic-2015\MCU.SchDoc with Buzzer from Main Board.SchLib
