Replace Part C39 Capacitor in C:\Users\slopez\workspace\github\tiic-2015\Supply.SchDoc with Capacitor from Common Devices.SchLib
Replace Part C40 Capacitor in C:\Users\slopez\workspace\github\tiic-2015\Supply.SchDoc with Capacitor from Common Devices.SchLib
Replace Part C41 Capacitor in C:\Users\slopez\workspace\github\tiic-2015\Supply.SchDoc with Capacitor from Common Devices.SchLib
Replace Part C42 Capacitor in C:\Users\slopez\workspace\github\tiic-2015\Supply.SchDoc with Capacitor from Common Devices.SchLib
Replace Part C43 Capacitor in C:\Users\slopez\workspace\github\tiic-2015\Supply.SchDoc with Capacitor from Common Devices.SchLib
Replace Part C44 Capacitor in C:\Users\slopez\workspace\github\tiic-2015\Supply.SchDoc with Capacitor from Common Devices.SchLib
Replace Part C45 Capacitor in C:\Users\slopez\workspace\github\tiic-2015\Supply.SchDoc with Capacitor from Common Devices.SchLib
Replace Part C46 Capacitor in C:\Users\slopez\workspace\github\tiic-2015\Supply.SchDoc with Capacitor from Common Devices.SchLib
Replace Part D1 LED in C:\Users\slopez\workspace\github\tiic-2015\Supply.SchDoc with LED from Common Devices.SchLib
Replace Part D2 LED in C:\Users\slopez\workspace\github\tiic-2015\Supply.SchDoc with LED from Common Devices.SchLib
Replace Part FB1 Ferrita in C:\Users\slopez\workspace\github\tiic-2015\Supply.SchDoc with Ferrita from Main Board.SchLib
Replace Part IC4 BQ27421 in C:\Users\slopez\workspace\github\tiic-2015\Supply.SchDoc with BQ27421 from Main Board.SchLib
Replace Part IC5 LP5907 in C:\Users\slopez\workspace\github\tiic-2015\Supply.SchDoc with LP5907 from Main Board.SchLib
Replace Part IC6 LP5907 in C:\Users\slopez\workspace\github\tiic-2015\Supply.SchDoc with LP5907 from Main Board.SchLib
Replace Part IC7 LP5907 in C:\Users\slopez\workspace\github\tiic-2015\Supply.SchDoc with LP5907 from Main Board.SchLib
Replace Part IC8 LMS33460 in C:\Users\slopez\workspace\github\tiic-2015\Supply.SchDoc with LMS33460 from Main Board.SchLib
Replace Part J2 JST PH 2 Pin Socket in C:\Users\slopez\workspace\github\tiic-2015\Supply.SchDoc with JST PH 2 Pin Socket from Common Devices.SchLib
Replace Part J3 JST PH 3 Pin Socket in C:\Users\slopez\workspace\github\tiic-2015\Supply.SchDoc with JST PH 3 Pin Socket from Common Devices.SchLib
Replace Part Q3 2N7002 in C:\Users\slopez\workspace\github\tiic-2015\Supply.SchDoc with 2N7002 from Common Devices.SchLib
Replace Part R13 Resistor in C:\Users\slopez\workspace\github\tiic-2015\Supply.SchDoc with Resistor from Common Devices.SchLib
Replace Part R14 Resistor in C:\Users\slopez\workspace\github\tiic-2015\Supply.SchDoc with Resistor from Common Devices.SchLib
Replace Part R15 Resistor in C:\Users\slopez\workspace\github\tiic-2015\Supply.SchDoc with Resistor from Common Devices.SchLib
Replace Part R16 Resistor in C:\Users\slopez\workspace\github\tiic-2015\Supply.SchDoc with Resistor from Common Devices.SchLib
Replace Part R17 Resistor in C:\Users\slopez\workspace\github\tiic-2015\Supply.SchDoc with Resistor from Common Devices.SchLib
Replace Part R18 Resistor in C:\Users\slopez\workspace\github\tiic-2015\Supply.SchDoc with Resistor from Common Devices.SchLib
Replace Part R19 Resistor in C:\Users\slopez\workspace\github\tiic-2015\Supply.SchDoc with Resistor from Common Devices.SchLib
Replace Part R20 Resistor in C:\Users\slopez\workspace\github\tiic-2015\Supply.SchDoc with Resistor from Common Devices.SchLib
Replace Part SW1 MFS201N-16-Z in C:\Users\slopez\workspace\github\tiic-2015\Supply.SchDoc with MFS201N-16-Z from Main Board.SchLib
