Added Component: Designator=C9(C1206)
Added Component: Designator=C10(C1206)
Added Component: Designator=C11(C1206)
Added Component: Designator=C12(C1206)
Added Component: Designator=D6(LED3015M)
Added Component: Designator=D7(LED3015M)
Added Component: Designator=IC2(TSSOP50P490X110_HS-11N)
Added Component: Designator=Q1(SOT65P210X110-3N)
Added Component: Designator=R11(R1206)
Added Component: Designator=R12(R1206)
Added Component: Designator=R13(R1206)
Added Component: Designator=R14(R1206)
Added Component: Designator=R15(R1206)
Added Component: Designator=R16(R1206)
Added Component: Designator=R17(R1206)
Added Pin To Net: NetName=GND Pin=C9-1
Added Pin To Net: NetName=5V Pin=C9-2
Added Pin To Net: NetName=GND Pin=C10-1
Added Pin To Net: NetName=5V Pin=C10-2
Added Pin To Net: NetName=GND Pin=C11-1
Added Pin To Net: NetName=GND Pin=C12-1
Added Pin To Net: NetName=5V Pin=IC2-1
Added Pin To Net: NetName=GND Pin=IC2-3
Added Pin To Net: NetName=GND Pin=IC2-7
Added Pin To Net: NetName=GND Pin=IC2-Pad
Added Pin To Net: NetName=GND Pin=Q1-2
Added Pin To Net: NetName=GND Pin=R11-1
Added Pin To Net: NetName=GND Pin=R12-1
Added Pin To Net: NetName=GND Pin=R13-1
Added Pin To Net: NetName=5V Pin=R14-2
Added Pin To Net: NetName=5V Pin=R15-2
Added Pin To Net: NetName=NetD6_1 Pin=D6-1
Added Pin To Net: NetName=NetD6_1 Pin=R14-1
Added Net: Name=NetD6_1
Added Pin To Net: NetName=NetD6_2 Pin=D6-2
Added Pin To Net: NetName=NetD6_2 Pin=IC2-5
Added Net: Name=NetD6_2
Added Pin To Net: NetName=NetD7_1 Pin=D7-1
Added Pin To Net: NetName=NetD7_1 Pin=R15-1
Added Pin To Net: NetName=NetD7_1 Pin=R16-2
Added Net: Name=NetD7_1
Added Pin To Net: NetName=NetD7_2 Pin=D7-2
Added Pin To Net: NetName=NetD7_2 Pin=IC2-8
Added Pin To Net: NetName=NetD7_2 Pin=Q1-1
Added Pin To Net: NetName=NetD7_2 Pin=R16-1
Added Net: Name=NetD7_2
Added Pin To Net: NetName=NetIC2_2 Pin=IC2-2
Added Pin To Net: NetName=NetIC2_2 Pin=R11-2
Added Net: Name=NetIC2_2
Added Pin To Net: NetName=NetIC2_4 Pin=IC2-4
Added Pin To Net: NetName=NetIC2_4 Pin=R12-2
Added Net: Name=NetIC2_4
Added Pin To Net: NetName=NetIC2_9 Pin=IC2-9
Added Pin To Net: NetName=NetIC2_9 Pin=R13-2
Added Net: Name=NetIC2_9
Added Pin To Net: NetName=NetQ1_3 Pin=Q1-3
Added Pin To Net: NetName=NetQ1_3 Pin=R17-1
Added Net: Name=NetQ1_3
Added Pin To Net: NetName=VCC Pin=C11-2
Added Pin To Net: NetName=VCC Pin=C12-2
Added Pin To Net: NetName=VCC Pin=IC2-10
Added Pin To Net: NetName=VCC Pin=R17-2
Added Net: Name=VCC
Added Class: Name=U_Battery Charger
Added Room: Name=U_Battery Charger
