Added Component: Designator=C1(CRADIAL-5mm-16mm)
Added Component: Designator=C2(CRADIAL-5mm-16mm)
Added Component: Designator=C3(C1206)
Added Component: Designator=C4(CAPAE5543X54N)
Added Component: Designator=C5(C1206)
Added Component: Designator=C6(C1206)
Added Component: Designator=C7(CRADIAL-5mm-20mm)
Added Component: Designator=C8(C1206)
Added Component: Designator=D2(SMB)
Added Component: Designator=D3(SMA)
Added Component: Designator=D4(SOD123)
Added Component: Designator=D5(SMA)
Added Component: Designator=L1(INDUCTOR-5MM)
Added Component: Designator=L2(INDUCTOR-5MM)
Added Component: Designator=R1(R1206)
Added Component: Designator=R2(R1206)
Added Component: Designator=R3(R1206)
Added Component: Designator=R4(R1206)
Added Component: Designator=R5(R1206)
Added Component: Designator=R6(R1206)
Added Component: Designator=R7(R1206)
Added Component: Designator=R8(R1206)
Added Component: Designator=R9(R1206)
Added Component: Designator=R10(R1206)
Added Pin To Net: NetName=5V_SUPPLY Pin=C7-1
Added Pin To Net: NetName=5V_SUPPLY Pin=C8-2
Added Pin To Net: NetName=5V_SUPPLY Pin=D5-2
Added Pin To Net: NetName=5V_SUPPLY Pin=R10-2
Added Net: Name=5V_SUPPLY
Added Pin To Net: NetName=GND Pin=C7-2
Added Pin To Net: NetName=GND Pin=C8-1
Added Pin To Net: NetName=GND Pin=R9-1
Added Pin To Net: NetName=GND Pin=R10-1
Added Pin To Net: NetName=GND Pin=T1-7
Added Net: Name=GND
Added Pin To Net: NetName=HVGND Pin=C2-2
Added Pin To Net: NetName=HVGND Pin=C4-2
Added Pin To Net: NetName=HVGND Pin=C5-1
Added Pin To Net: NetName=HVGND Pin=IC1-1
Added Pin To Net: NetName=HVGND Pin=IC1-2
Added Pin To Net: NetName=HVGND Pin=IC1-3
Added Pin To Net: NetName=HVGND Pin=L2-2
Added Pin To Net: NetName=HVGND Pin=R2-2
Added Pin To Net: NetName=HVGND Pin=R5-1
Added Pin To Net: NetName=HVGND Pin=R8-1
Added Pin To Net: NetName=HVGND Pin=T1-2
Added Net: Name=HVGND
Added Pin To Net: NetName=NetC1_1 Pin=C1-1
Added Pin To Net: NetName=NetC1_1 Pin=D1-3
Added Pin To Net: NetName=NetC1_1 Pin=L1-1
Added Pin To Net: NetName=NetC1_1 Pin=R1-1
Added Net: Name=NetC1_1
Added Pin To Net: NetName=NetC1_2 Pin=C1-2
Added Pin To Net: NetName=NetC1_2 Pin=D1-4
Added Pin To Net: NetName=NetC1_2 Pin=L2-1
Added Pin To Net: NetName=NetC1_2 Pin=R2-1
Added Net: Name=NetC1_2
Added Pin To Net: NetName=NetC2_1 Pin=C2-1
Added Pin To Net: NetName=NetC2_1 Pin=C3-2
Added Pin To Net: NetName=NetC2_1 Pin=D2-1
Added Pin To Net: NetName=NetC2_1 Pin=L1-2
Added Pin To Net: NetName=NetC2_1 Pin=R1-2
Added Pin To Net: NetName=NetC2_1 Pin=R4-2
Added Pin To Net: NetName=NetC2_1 Pin=T1-5
Added Net: Name=NetC2_1
Added Pin To Net: NetName=NetC3_1 Pin=C3-1
Added Pin To Net: NetName=NetC3_1 Pin=R3-2
Added Pin To Net: NetName=NetC3_1 Pin=R4-1
Added Net: Name=NetC3_1
Added Pin To Net: NetName=NetC4_1 Pin=C4-1
Added Pin To Net: NetName=NetC4_1 Pin=C5-2
Added Pin To Net: NetName=NetC4_1 Pin=IC1-6
Added Pin To Net: NetName=NetC4_1 Pin=R6-1
Added Net: Name=NetC4_1
Added Pin To Net: NetName=NetC6_1 Pin=C6-1
Added Pin To Net: NetName=NetC6_1 Pin=R9-2
Added Net: Name=NetC6_1
Added Pin To Net: NetName=NetC6_2 Pin=C6-2
Added Pin To Net: NetName=NetC6_2 Pin=D5-1
Added Pin To Net: NetName=NetC6_2 Pin=T1-9
Added Net: Name=NetC6_2
Added Pin To Net: NetName=NetD2_2 Pin=D2-2
Added Pin To Net: NetName=NetD2_2 Pin=D3-2
Added Pin To Net: NetName=NetD2_2 Pin=R3-1
Added Net: Name=NetD2_2
Added Pin To Net: NetName=NetD3_1 Pin=D3-1
Added Pin To Net: NetName=NetD3_1 Pin=IC1-8
Added Pin To Net: NetName=NetD3_1 Pin=T1-3
Added Net: Name=NetD3_1
Added Pin To Net: NetName=NetD4_1 Pin=D4-1
Added Pin To Net: NetName=NetD4_1 Pin=R7-2
Added Pin To Net: NetName=NetD4_1 Pin=T1-1
Added Net: Name=NetD4_1
Added Pin To Net: NetName=NetD4_2 Pin=D4-2
Added Pin To Net: NetName=NetD4_2 Pin=R6-2
Added Net: Name=NetD4_2
Added Pin To Net: NetName=NetIC1_4 Pin=IC1-4
Added Pin To Net: NetName=NetIC1_4 Pin=R5-2
Added Net: Name=NetIC1_4
Added Pin To Net: NetName=NetIC1_5 Pin=IC1-5
Added Pin To Net: NetName=NetIC1_5 Pin=R7-1
Added Pin To Net: NetName=NetIC1_5 Pin=R8-2
Added Net: Name=NetIC1_5
Added Member To Class: ClassName=U_Power Supply Member=Component C1 6.8u
Added Member To Class: ClassName=U_Power Supply Member=Component C2 6.8u
Added Member To Class: ClassName=U_Power Supply Member=Component C3 100p
Added Member To Class: ClassName=U_Power Supply Member=Component C4 4.7u
Added Member To Class: ClassName=U_Power Supply Member=Component C5 0.1u
Added Member To Class: ClassName=U_Power Supply Member=Component C6 2.2n
Added Member To Class: ClassName=U_Power Supply Member=Component C7 1.2m
Added Member To Class: ClassName=U_Power Supply Member=Component C8 0.1u
Added Member To Class: ClassName=U_Power Supply Member=Component D2 SM6T150A
Added Member To Class: ClassName=U_Power Supply Member=Component D3 MRA4005T3G
Added Member To Class: ClassName=U_Power Supply Member=Component D4 1N4148W-7-F
Added Member To Class: ClassName=U_Power Supply Member=Component D5 B340LA-13-F
Added Member To Class: ClassName=U_Power Supply Member=Component L1 1m
Added Member To Class: ClassName=U_Power Supply Member=Component L2 1m
Added Member To Class: ClassName=U_Power Supply Member=Component R1 6.8k
Added Member To Class: ClassName=U_Power Supply Member=Component R2 6.8k
Added Member To Class: ClassName=U_Power Supply Member=Component R3 2K
Added Member To Class: ClassName=U_Power Supply Member=Component R4 100K
Added Member To Class: ClassName=U_Power Supply Member=Component R5 2K
Added Member To Class: ClassName=U_Power Supply Member=Component R6 33
Added Member To Class: ClassName=U_Power Supply Member=Component R7 100K
Added Member To Class: ClassName=U_Power Supply Member=Component R8 31.6K
Added Member To Class: ClassName=U_Power Supply Member=Component R9 180
Added Member To Class: ClassName=U_Power Supply Member=Component R10 15K
