
**** Build of configuration Debug for project coderino ****

"C:\\ti\\ccsv6\\utils\\bin\\gmake" -k all 
'Building file: ../afe/afe_src/afe_serial.c'
'Invoking: MSP430 Compiler'
"C:/ti/ccsv6/tools/compiler/ti-cgt-msp430_4.4.5/bin/cl430" -vmspx --abi=eabi --data_model=restricted -Ooff --include_path="C:/ti/ccsv6/ccs_base/msp430/include" --include_path="C:/ti/ccsv6/tools/compiler/ti-cgt-msp430_4.4.5/include" --advice:power="all" --advice:hw_config="all" -g --float_operations_allowed=none --define=__MSP430FR5972__ --define=_MPU_ENABLE --diag_warning=225 --diag_wrap=off --display_error_number --silicon_errata=CPU21 --silicon_errata=CPU22 --silicon_errata=CPU40 --printf_support=minimal --preproc_with_compile --preproc_dependency="afe/afe_src/afe_serial.pp" --obj_directory="afe/afe_src"  "../afe/afe_src/afe_serial.c"
"../afe/afe_src/afe_serial.c", line 99: remark #1528-D: (ULP 3.1) Detected flag polling using UCB1IFG. Recommend using an interrupt combined with enter LPMx and ISR
"../afe/afe_src/afe_serial.c", line 102: remark #1528-D: (ULP 3.1) Detected flag polling using UCBUSY. Recommend using an interrupt combined with enter LPMx and ISR
"../afe/afe_src/afe_serial.c", line 103: remark #1528-D: (ULP 3.1) Detected flag polling using UCB1IFG. Recommend using an interrupt combined with enter LPMx and ISR
"../afe/afe_src/afe_serial.c", line 94: remark #1527-D: (ULP 2.1) Detected SW delay loop using __delay_cycles. Recommend using a timer module instead
"../afe/afe_src/afe_serial.c", line 111: remark #1545-D: (ULP 14.1) Array index of type "int". Recommend using "unsigned int"
"../afe/afe_src/afe_serial.c", line 119: remark #1528-D: (ULP 3.1) Detected flag polling using UCB1IFG. Recommend using an interrupt combined with enter LPMx and ISR
"../afe/afe_src/afe_serial.c", line 123: remark #1528-D: (ULP 3.1) Detected flag polling using UCB1IFG. Recommend using an interrupt combined with enter LPMx and ISR
"../afe/afe_src/afe_serial.c", line 127: remark #1528-D: (ULP 3.1) Detected flag polling using UCB1IFG. Recommend using an interrupt combined with enter LPMx and ISR
"../afe/afe_src/afe_serial.c", line 130: remark #1528-D: (ULP 3.1) Detected flag polling using UCBUSY. Recommend using an interrupt combined with enter LPMx and ISR
"../afe/afe_src/afe_serial.c", line 121: remark #1527-D: (ULP 2.1) Detected SW delay loop using __delay_cycles. Recommend using a timer module instead
"../afe/afe_src/afe_serial.c", line 125: remark #1527-D: (ULP 2.1) Detected SW delay loop using __delay_cycles. Recommend using a timer module instead
"../afe/afe_src/afe_serial.c", line 141: remark #1528-D: (ULP 3.1) Detected flag polling using UCB1IFG. Recommend using an interrupt combined with enter LPMx and ISR
"../afe/afe_src/afe_serial.c", line 145: remark #1528-D: (ULP 3.1) Detected flag polling using UCB1IFG. Recommend using an interrupt combined with enter LPMx and ISR
"../afe/afe_src/afe_serial.c", line 147: remark #1528-D: (ULP 3.1) Detected flag polling using UCBUSY. Recommend using an interrupt combined with enter LPMx and ISR
"../afe/afe_src/afe_serial.c", line 157: remark #1528-D: (ULP 3.1) Detected flag polling using UCB1IFG. Recommend using an interrupt combined with enter LPMx and ISR
"../afe/afe_src/afe_serial.c", line 159: remark #1528-D: (ULP 3.1) Detected flag polling using UCB1IFG. Recommend using an interrupt combined with enter LPMx and ISR
"../afe/afe_src/afe_serial.c", line 143: remark #1527-D: (ULP 2.1) Detected SW delay loop using __delay_cycles. Recommend using a timer module instead
"../afe/afe_src/afe_serial.c", line 155: remark #1527-D: (ULP 2.1) Detected SW delay loop using __delay_cycles. Recommend using a timer module instead
'Finished building: ../afe/afe_src/afe_serial.c'
' '
'Building target: coderino.out'
'Invoking: MSP430 Linker'
"C:/ti/ccsv6/tools/compiler/ti-cgt-msp430_4.4.5/bin/cl430" -vmspx --abi=eabi --data_model=restricted -Ooff --advice:power="all" --advice:hw_config="all" -g --float_operations_allowed=none --define=__MSP430FR5972__ --define=_MPU_ENABLE --diag_warning=225 --diag_wrap=off --display_error_number --silicon_errata=CPU21 --silicon_errata=CPU22 --silicon_errata=CPU40 --printf_support=minimal -z -m"coderino.map" --heap_size=160 --stack_size=160 --cinit_hold_wdt=on -i"C:/ti/ccsv6/ccs_base/msp430/include" -i"C:/ti/ccsv6/ccs_base/msp430/lib/5xx_6xx_FRxx" -i"C:/ti/ccsv6/ccs_base/msp430/lib/FR59xx" -i"C:/ti/ccsv6/tools/compiler/ti-cgt-msp430_4.4.5/lib" -i"C:/ti/ccsv6/tools/compiler/ti-cgt-msp430_4.4.5/include" --reread_libs --priority --define=_MPU_ENABLE --warn_sections --diag_wrap=off --display_error_number --xml_link_info="coderino_linkInfo.xml" --use_hw_mpy=F5 --rom_model -o "coderino.out" "./clocks.obj" "./main.obj" "./serial.obj" "./utils.obj" "./touch/touch_src/touch_coordinate.obj" "./touch/touch_src/touch_serial.obj" "./touch/touch.obj" "./filters/filters.obj" "./filters/unused_filters.obj" "./display/display.obj" "./display/display_timer.obj" "./display/display_src/color.obj" "./display/display_src/display_functions.obj" "./display/display_src/display_hal.obj" "./display/display_src/display_interface.obj" "./display/display_src/font.obj" "./data/ecg_data.obj" "./buzzer/buzzer.obj" "./afe/afe_src/afe_serial.obj" "./afe/afe.obj" "../lnk_msp430fr5972.cmd"  -llibmpu_init.a -l"libmath.a" -l"libc.a" 
<Linking>
remark #10372-D: (ULP 4.1) Detected uninitialized Port A in this project. Recommend initializing all unused ports to eliminate wasted current consumption on unused pins.
remark #10372-D: (ULP 4.1) Detected uninitialized Port B in this project. Recommend initializing all unused ports to eliminate wasted current consumption on unused pins.
remark #10372-D: (ULP 4.1) Detected uninitialized Port C in this project. Recommend initializing all unused ports to eliminate wasted current consumption on unused pins.
remark #10372-D: (ULP 4.1) Detected uninitialized Port D in this project. Recommend initializing all unused ports to eliminate wasted current consumption on unused pins.
remark #10372-D: (ULP 4.1) Detected uninitialized Port E in this project. Recommend initializing all unused ports to eliminate wasted current consumption on unused pins.
'Finished building target: coderino.out'
' '

**** Build Finished ****
